file:file53ec45b0792db53ec45b07933e by admin
file:file53ec45b0792db53ec45b07933e by admin
file:../../../../../../../etc/passwd by admin
file:file53ec45b0792db53ec45b07933e by admin
file:file53ec45b0792db53ec45b07933e by admin
file:file5e709439107775e709439107c4 by 
file:file5e709439107775e709439107c4 by 
file:file5e6fa4c095a095e6fa4c095a48 by 
file:../../../../../../../../../../etc/passwd by 
file:../../../../../../../../var/www/html/index.php by 
file:../../../../../../../../../../var/www/logs/application.log by 
file:../index.php by 
file:../login by 
file:../login.php by 
file:../index.php by 
file:../../../../../../var/www/data/router.php by 
file:router.php by 
file:../../router.php by 
file:../../../var/www/data/router.php by 
file:../../../../../../../../../../../../../../var/www/data/index.php by 
file:../../../../../../../../../../../var/www/index.php by 
file:../../../../../../../../../../var/www/router.php by 
file:../../../../../../../../../var/www/file.php by 
file:../../../var/www/classes/file.php by 
file:../../.././././var/www/classes by 
file:../../.././././././var/www/classes/file.php by 
file:../../../var/www/classes/user.php by 
file:../../../var/www/classes/utils.php by 
file:../../.././././var/www/classes/user.php by 
file:../../../.././././././etc/passwd by 
file:../../../.././var/www/index.php by 
file:../../../.././././././var/www/router.php by 
file:../../../.././var/www/index.php by 
file:../../.././././var/www/classes/utils.php by 
file:../../../../././var/www/views/header.php by 
file:../../../../././var/www/views/documentation.php by 
file:../../../.././././var/www/classes/db.php by 
file:../../../../././var/www/classes/utils.php by 
file:../../../../././././var/www/classes/user.php by 
file:../../../../././var/www/classes/file.php by 
file:file5e70faadcc7fc5e70faadcc83b by 
file:file5e70faadcc7fc5e70faadcc83b by 
file:file5e70faadcc7fc5e70faadcc83b by 
file:file5e70faadcc7fc5e70faadcc83b by 
file:file5e70faadcc7fc5e70faadcc83b by 
file:../../../../.././etc/passwd by 
file:../../../././var/www/classes/utils.php by 
file:../../../../../././var/www/index.php by 
file:../../../././var/www/classes/utils.php by 
file:file5e7103f1d25615e7103f1d259f by 
file:file5e7103f1d25615e7103f1d259f by 
file:file5e7103f1d25615e7103f1d259f by 
file:file5e7103f1d25615e7103f1d259f by 
file:file5e7103f1d25615e7103f1d259f by 
file:../../../../.././././././var/www/router.php by 
file:file5e7103f1d25615e7103f1d259f by 
file:file5e7103f1d25615e7103f1d259f by 
file:file5e7103f1d25615e7103f1d259f by 
file:file5e7103f1d25615e7103f1d259f by 
file:file5e7103f1d25615e7103f1d259f by 
file:../../../../.././././././././var/www/db.php by 
file:../../../../../././././var/www/classes/db.php by 
file:file5e7103f1d25615e7103f1d259f by 
file:file5e7109f9ae86f5e7109f9ae8b0 by 
file:file5e7109f9ae86f5e7109f9ae8b0 by 
file:file5e7109f9ae86f5e7109f9ae8b0 by 
file:../../../../../../../././etc/passwd by 
file:../../../../../../.././././var/www/index.php by 
file:../../../../../../../././././var/www/router.php by 
file:../../../../../../.././././././././var/www/db.php.php by 
file:../../../../../../../././././././././var/www/db.php.php by 
file:../../../../../../../././././././././var/www/db.php.php by 
file:../../../../../../../././././././././var/www/db.php.php by 
file:../../../../../../.././././././././././var/www/db.php.php by 
file:../../../../../../../././var/www/db.php.php by 
file:../../../../../../.././var/www/db.php by 
file:../../../../../../../././var/www/classes/db.php by 
file:../../../../../../.././././././././var/www/classes/utils.php by 
file:../../../../../../.././././././././././var/www/classes/user.php by 
file:../../../../../../../././././././././././././././././var/www/classes/file.php by 
file:../../../../././var/www/classes/file.php by 